<?xml version="1.0" encoding="UTF-8"?>
<testng-results skipped="0" failed="0" ignored="0" total="2" passed="2">
  <reporter-output>
  </reporter-output>
  <suite name="Default suite" duration-ms="25549" started-at="2021-02-14T16:44:51Z" finished-at="2021-02-14T16:45:17Z">
    <groups>
    </groups>
    <test name="Default test" duration-ms="25549" started-at="2021-02-14T16:44:51Z" finished-at="2021-02-14T16:45:17Z">
      <class name="testCases.LoginPageTest">
        <test-method status="PASS" signature="setUp()[pri:0, instance:testCases.LoginPageTest@54c562f7]" name="setUp" is-config="true" duration-ms="5143" started-at="2021-02-14T16:44:51Z" finished-at="2021-02-14T16:44:56Z">
          <reporter-output>
          </reporter-output>
        </test-method> <!-- setUp -->
        <test-method status="PASS" signature="loginTest()[pri:1, instance:testCases.LoginPageTest@54c562f7]" name="loginTest" duration-ms="6799" started-at="2021-02-14T16:44:56Z" finished-at="2021-02-14T16:45:03Z">
          <reporter-output>
          </reporter-output>
        </test-method> <!-- loginTest -->
        <test-method status="PASS" signature="tearDown()[pri:0, instance:testCases.LoginPageTest@54c562f7]" name="tearDown" is-config="true" duration-ms="858" started-at="2021-02-14T16:45:03Z" finished-at="2021-02-14T16:45:04Z">
          <reporter-output>
          </reporter-output>
        </test-method> <!-- tearDown -->
        <test-method status="PASS" signature="setUp()[pri:0, instance:testCases.LoginPageTest@54c562f7]" name="setUp" is-config="true" duration-ms="4543" started-at="2021-02-14T16:45:04Z" finished-at="2021-02-14T16:45:08Z">
          <reporter-output>
          </reporter-output>
        </test-method> <!-- setUp -->
        <test-method status="PASS" signature="loginpageTitleTest()[pri:2, instance:testCases.LoginPageTest@54c562f7]" name="loginpageTitleTest" duration-ms="7328" started-at="2021-02-14T16:45:08Z" finished-at="2021-02-14T16:45:16Z">
          <reporter-output>
          </reporter-output>
        </test-method> <!-- loginpageTitleTest -->
        <test-method status="PASS" signature="tearDown()[pri:0, instance:testCases.LoginPageTest@54c562f7]" name="tearDown" is-config="true" duration-ms="822" started-at="2021-02-14T16:45:16Z" finished-at="2021-02-14T16:45:17Z">
          <reporter-output>
          </reporter-output>
        </test-method> <!-- tearDown -->
      </class> <!-- testCases.LoginPageTest -->
    </test> <!-- Default test -->
  </suite> <!-- Default suite -->
</testng-results>
